undefined [INFO] : Connection has been established successfully.
undefined [INFO] : Database synchronized successfully.
undefined [INFO] : Server running on port 5100
undefined [INFO] : User connected from origin: http://localhost:3000
undefined [INFO] : User disconnected
undefined [INFO] : User connected from origin: http://localhost:3000
undefined [INFO] : User disconnected
undefined [INFO] : User connected from origin: http://localhost:3000
undefined [INFO] : User disconnected
undefined [INFO] : User connected from origin: http://localhost:3000
undefined [INFO] : User disconnected
undefined [INFO] : User connected from origin: http://localhost:3000
undefined [INFO] : User disconnected
undefined [INFO] : User connected from origin: http://localhost:3000
undefined [INFO] : User disconnected
undefined [INFO] : User connected from origin: http://localhost:3000
undefined [INFO] : User disconnected
undefined [INFO] : User connected from origin: http://localhost:3000
undefined [INFO] : User disconnected
undefined [INFO] : User connected from origin: http://localhost:3000
undefined [INFO] : User disconnected
undefined [INFO] : User connected from origin: http://localhost:3000
undefined [INFO] : User disconnected
undefined [INFO] : User connected from origin: http://localhost:3000
undefined [INFO] : User connected from origin: http://localhost:3000
undefined [INFO] : User disconnected
undefined [INFO] : User disconnected
undefined [INFO] : User connected from origin: http://localhost:3000
undefined [INFO] : User disconnected
undefined [INFO] : User connected from origin: http://localhost:3000
undefined [INFO] : User disconnected
undefined [INFO] : User connected from origin: http://localhost:3000
undefined [INFO] : User disconnected
undefined [INFO] : User connected from origin: http://localhost:3000
undefined [INFO] : Connection has been established successfully.
undefined [INFO] : Database synchronized successfully.
undefined [INFO] : Server running on port 5100
undefined [INFO] : User connected from origin: http://localhost:3000
undefined [INFO] : Connection has been established successfully.
undefined [INFO] : Database synchronized successfully.
undefined [INFO] : Server running on port 5100
undefined [INFO] : User connected from origin: http://localhost:3000
undefined [INFO] : User disconnected
undefined [INFO] : User connected from origin: http://localhost:3000
undefined [INFO] : Connection has been established successfully.
undefined [INFO] : Database synchronized successfully.
undefined [INFO] : Server running on port 5100
undefined [INFO] : User connected from origin: http://localhost:3000
undefined [INFO] : User disconnected
undefined [INFO] : User connected from origin: http://localhost:3000
undefined [INFO] : User disconnected
undefined [INFO] : User connected from origin: http://localhost:3000
undefined [INFO] : User disconnected
