ad
{"level":"info","message":"Connection has been established successfully."}
{"level":"info","message":"Database synchronized successfully."}
{"level":"info","message":"Server running on port 5100"}
{"level":"info","message":"a user connected"}
{"level":"info","message":"Connection has been established successfully."}
{"level":"info","message":"Database synchronized successfully."}
{"level":"info","message":"Server running on port 5100"}
{"level":"info","message":"a user connected"}
{"level":"info","message":"Connection has been established successfully."}
{"level":"info","message":"Database synchronized successfully."}
{"level":"info","message":"Server running on port 5100"}
{"level":"info","message":"a user connected"}
{"level":"info","message":"Connection has been established successfully."}
{"level":"info","message":"Database synchronized successfully."}
{"level":"info","message":"Server running on port 5100"}
{"level":"info","message":"a user connected"}
{"level":"info","message":"user disconnected"}
{"level":"info","message":"a user connected"}
{"level":"info","message":"user disconnected"}
{"level":"info","message":"a user connected"}
{"level":"info","message":"user disconnected"}
{"level":"info","message":"a user connected"}
{"level":"info","message":"user disconnected"}
{"level":"info","message":"a user connected"}
{"level":"info","message":"user disconnected"}
{"level":"info","message":"a user connected"}
{"level":"info","message":"user disconnected"}
{"level":"info","message":"a user connected"}
{"level":"info","message":"Connection has been established successfully."}
{"level":"info","message":"Database synchronized successfully."}
{"level":"info","message":"Server running on port 5100"}
{"level":"info","message":"a user connected"}
{"level":"info","message":"Connection has been established successfully."}
{"level":"info","message":"Database synchronized successfully."}
{"level":"info","message":"Server running on port 5100"}
{"level":"info","message":"a user connected"}
{"level":"info","message":"user disconnected"}
{"level":"info","message":"a user connected"}
{"level":"info","message":"user disconnected"}
{"level":"info","message":"a user connected"}
{"level":"info","message":"Connection has been established successfully."}
{"level":"info","message":"Database synchronized successfully."}
{"level":"info","message":"Server running on port 5100"}
{"level":"info","message":"a user connected"}
{"level":"info","message":"Connection has been established successfully."}
{"level":"info","message":"Database synchronized successfully."}
{"level":"info","message":"Server running on port 5100"}
{"level":"info","message":"a user connected"}
{"level":"info","message":"Connection has been established successfully."}
{"level":"info","message":"Database synchronized successfully."}
{"level":"info","message":"Server running on port 5100"}
{"level":"info","message":"Connection has been established successfully."}
{"level":"info","message":"Database synchronized successfully."}
{"level":"info","message":"Server running on port 5100"}
{"level":"info","message":"Connection has been established successfully."}
{"level":"info","message":"Database synchronized successfully."}
{"level":"info","message":"Server running on port 5100"}
{"level":"info","message":"a user connected"}
{"level":"info","message":"user disconnected"}
{"level":"info","message":"a user connected"}
{"level":"info","message":"Connection has been established successfully."}
{"level":"info","message":"Database synchronized successfully."}
{"level":"info","message":"Server running on port 5100"}
{"level":"info","message":"a user connected"}
{"level":"info","message":"Connection has been established successfully."}
{"level":"info","message":"Database synchronized successfully."}
{"level":"info","message":"Server running on port 5100"}
{"level":"info","message":"a user connected"}
{"level":"info","message":"user disconnected"}
{"level":"info","message":"a user connected"}
{"level":"info","message":"user disconnected"}
{"level":"info","message":"a user connected"}
{"level":"info","message":"user disconnected"}
{"level":"info","message":"a user connected"}
{"level":"info","message":"user disconnected"}
{"level":"info","message":"a user connected"}
{"level":"error","message":"onError importing pkgBatch trackingNo must be unique"}
{"level":"info","message":"a user connected"}
{"level":"info","message":"user disconnected"}
{"level":"info","message":"a user connected"}
{"level":"info","message":"user disconnected"}
{"level":"info","message":"a user connected"}
{"level":"info","message":"user disconnected"}
{"level":"info","message":"a user connected"}
{"level":"info","message":"user disconnected"}
{"level":"info","message":"Connection has been established successfully."}
{"level":"info","message":"Database synchronized successfully."}
{"level":"info","message":"Server running on port 5100"}
{"level":"info","message":"a user connected"}
{"level":"info","message":"user disconnected"}
{"level":"info","message":"a user connected"}
{"level":"info","message":"Connection has been established successfully."}
{"level":"info","message":"Database synchronized successfully."}
{"level":"info","message":"Server running on port 5100"}
{"level":"info","message":"a user connected"}
{"level":"info","message":"Connection has been established successfully."}
{"level":"info","message":"Database synchronized successfully."}
{"level":"info","message":"Server running on port 5100"}
{"level":"info","message":"a user connected"}
{"level":"info","message":"Connection has been established successfully."}
{"level":"info","message":"Database synchronized successfully."}
{"level":"info","message":"Server running on port 5100"}
{"level":"info","message":"a user connected"}
{"level":"info","message":"Connection has been established successfully."}
{"level":"info","message":"Database synchronized successfully."}
{"level":"info","message":"Server running on port 5100"}
{"level":"info","message":"a user connected"}
{"level":"info","message":"user disconnected"}
{"level":"info","message":"a user connected"}
{"level":"info","message":"a user connected"}
{"level":"info","message":"user disconnected"}
{"level":"error","message":"onError importing pkgBatch referenceNo must be unique"}
{"level":"info","message":"user disconnected"}
{"level":"info","message":"a user connected"}
{"level":"error","message":"onError importing pkgBatch trackingNo must be unique"}
{"level":"info","message":"user disconnected"}
{"level":"info","message":"a user connected"}
{"level":"info","message":"user disconnected"}
{"level":"info","message":"a user connected"}
{"level":"info","message":"Connection has been established successfully."}
{"level":"info","message":"Database synchronized successfully."}
{"level":"info","message":"Server running on port 5100"}
{"level":"info","message":"a user connected"}
{"level":"info","message":"Connection has been established successfully."}
{"level":"info","message":"Database synchronized successfully."}
{"level":"info","message":"Server running on port 5100"}
{"level":"info","message":"a user connected"}
{"level":"info","message":"Connection has been established successfully."}
{"level":"info","message":"Database synchronized successfully."}
{"level":"info","message":"Server running on port 5100"}
{"level":"info","message":"a user connected"}
{"level":"info","message":"Connection has been established successfully."}
{"level":"info","message":"Database synchronized successfully."}
{"level":"info","message":"Server running on port 5100"}
{"level":"info","message":"a user connected"}
{"level":"info","message":"Connection has been established successfully."}
{"level":"info","message":"Database synchronized successfully."}
{"level":"info","message":"Server running on port 5100"}
{"level":"info","message":"a user connected"}
